c:\users\maliang8\desktop\新建文件夹\tz_mp4-master\mfc_demo\x64\debug\mfc_demo.pch
c:\users\maliang8\desktop\新建文件夹\tz_mp4-master\mfc_demo\x64\debug\vc140.pdb
c:\users\maliang8\desktop\新建文件夹\tz_mp4-master\mfc_demo\x64\debug\vc140.idb
c:\users\maliang8\desktop\新建文件夹\tz_mp4-master\mfc_demo\x64\debug\stdafx.obj
c:\users\maliang8\desktop\新建文件夹\tz_mp4-master\mfc_demo\x64\debug\mfc_demo.obj
c:\users\maliang8\desktop\新建文件夹\tz_mp4-master\mfc_demo\x64\debug\mfc_demodlg.obj
d:\workplace\tz_mp4\mfc_demo\x64\debug\mfc_demo.pch
d:\workplace\tz_mp4\mfc_demo\x64\debug\vc140.pdb
d:\workplace\tz_mp4\mfc_demo\x64\debug\vc140.idb
d:\workplace\tz_mp4\mfc_demo\x64\debug\stdafx.obj
d:\workplace\tz_mp4\mfc_demo\x64\debug\mfc_demo.obj
d:\workplace\tz_mp4\mfc_demo\x64\debug\mfc_demodlg.obj
c:\users\maliang8\desktop\新建文件夹\tz_mp4-master\x64\debug\mfc_demo.ilk
c:\users\maliang8\desktop\新建文件夹\tz_mp4-master\x64\debug\mfc_demo.exe
c:\users\maliang8\desktop\新建文件夹\tz_mp4-master\x64\debug\mfc_demo.pdb
d:\workplace\tz_mp4\x64\debug\mfc_demo.ilk
d:\workplace\tz_mp4\x64\debug\mfc_demo.exe
d:\workplace\tz_mp4\x64\debug\mfc_demo.pdb
c:\users\maliang8\desktop\新建文件夹\tz_mp4-master\mfc_demo\x64\debug\mfc_demo.res
d:\workplace\tz_mp4\mfc_demo\x64\debug\mfc_demo.res
d:\workplace\tz_mp4\mfc_demo\x64\debug\mfc_demo.tlog\cl.command.1.tlog
d:\workplace\tz_mp4\mfc_demo\x64\debug\mfc_demo.tlog\cl.read.1.tlog
d:\workplace\tz_mp4\mfc_demo\x64\debug\mfc_demo.tlog\cl.write.1.tlog
d:\workplace\tz_mp4\mfc_demo\x64\debug\mfc_demo.tlog\link.command.1.tlog
d:\workplace\tz_mp4\mfc_demo\x64\debug\mfc_demo.tlog\link.read.1.tlog
d:\workplace\tz_mp4\mfc_demo\x64\debug\mfc_demo.tlog\link.write.1.tlog
d:\workplace\tz_mp4\mfc_demo\x64\debug\mfc_demo.tlog\rc.command.1.tlog
d:\workplace\tz_mp4\mfc_demo\x64\debug\mfc_demo.tlog\rc.read.1.tlog
d:\workplace\tz_mp4\mfc_demo\x64\debug\mfc_demo.tlog\rc.write.1.tlog
